<?xml version="1.0" encoding="UTF-8"?>
<testng-results ignored="0" total="1" passed="1" failed="0" skipped="0">
  <reporter-output>
  </reporter-output>
  <suite started-at="2026-08-25T08:18:00 IST" name="Default suite" finished-at="2026-08-25T08:18:10 IST" duration-ms="9915">
    <groups>
    </groups>
    <test started-at="2026-08-25T08:18:00 IST" name="Default test" finished-at="2026-08-25T08:18:10 IST" duration-ms="9915">
      <class name="com.selenium.tests.FirstTest">
        <test-method signature="openBrowser()[pri:0, instance:com.selenium.tests.FirstTest@5c30a9b0]" started-at="2026-08-25T08:18:00 IST" name="openBrowser" finished-at="2026-08-25T08:18:10 IST" duration-ms="9851" status="PASS">
          <reporter-output>
          </reporter-output>
        </test-method> <!-- openBrowser -->
      </class> <!-- com.selenium.tests.FirstTest -->
    </test> <!-- Default test -->
  </suite> <!-- Default suite -->
</testng-results>
